<?xml version="1.0" encoding="UTF-8"?>
<!-- Generated by org.testng.reporters.JUnitReportReporter -->
<testsuite hostname="DESKTOP-M3UV5M0" failures="0" tests="2" name="com.POMProject.Test.LoginCRMTest" time="64.005" errors="0" timestamp="01 Apr 2019 10:45:43 GMT" skipped="0">
  <testcase classname="com.POMProject.Test.LoginCRMTest" name="loginApp" time="38.068"/>
  <testcase classname="com.POMProject.Test.LoginCRMTest" name="LoginWrongCredentials" time="25.937"/>
</testsuite> <!-- com.POMProject.Test.LoginCRMTest -->
